#
# There is insufficient memory for the Java Runtime Environment to continue.
# Native memory allocation (mmap) failed to map 32505856 bytes for Failed to commit area from 0x0000000089800000 to 0x000000008b700000 of length 32505856.
# Possible reasons:
#   The system is out of physical RAM or swap space
#   The process is running with CompressedOops enabled, and the Java Heap may be blocking the growth of the native heap
# Possible solutions:
#   Reduce memory load on the system
#   Increase physical memory or swap space
#   Check if swap backing store is full
#   Decrease Java heap size (-Xmx/-Xms)
#   Decrease number of Java threads
#   Decrease Java thread stack sizes (-Xss)
#   Set larger code cache with -XX:ReservedCodeCacheSize=
#   JVM is running with Unscaled Compressed Oops mode in which the Java heap is
#     placed in the first 4GB address space. The Java Heap base address is the
#     maximum limit for the native heap growth. Please use -XX:HeapBaseMinAddress
#     to set the Java Heap base and to place the Java Heap above 4GB virtual address.
# This output file may be truncated or incomplete.
#
#  Out of Memory Error (./src/hotspot/os/windows/os_windows.cpp:3301), pid=5228, tid=11228
#
# JRE version: OpenJDK Runtime Environment (11.0.10) (build 11.0.10+0-b96-7249189)
# Java VM: OpenJDK 64-Bit Server VM (11.0.10+0-b96-7249189, mixed mode, tiered, compressed oops, g1 gc, windows-amd64)
# No core dump will be written. Minidumps are not enabled by default on client versions of Windows
#

---------------  S U M M A R Y ------------

Command Line: --add-opens=java.base/java.util=ALL-UNNAMED --add-opens=java.base/java.lang=ALL-UNNAMED --add-opens=java.base/java.lang.invoke=ALL-UNNAMED --add-opens=java.base/java.util=ALL-UNNAMED --add-opens=java.prefs/java.util.prefs=ALL-UNNAMED --add-opens=java.prefs/java.util.prefs=ALL-UNNAMED --add-opens=java.base/java.nio.charset=ALL-UNNAMED --add-opens=java.base/java.net=ALL-UNNAMED --add-opens=java.base/java.util.concurrent.atomic=ALL-UNNAMED -Xmx2048m -Dfile.encoding=UTF-8 -Duser.country=US -Duser.language=en -Duser.variant org.gradle.launcher.daemon.bootstrap.GradleDaemon 7.0.2

Host: Intel(R) Celeron(R) N4000 CPU @ 1.10GHz, 2 cores, 7G,  Windows 10 , 64 bit Build 22000 (10.0.22000.318)
Time: Wed Dec 15 14:04:55 2021 Morocco Daylight Time elapsed time: 3409.577688 seconds (0d 0h 56m 49s)

---------------  T H R E A D  ---------------

Current thread (0x000001715d254800):  VMThread "VM Thread" [stack: 0x0000003432b00000,0x0000003432c00000] [id=11228]

Stack: [0x0000003432b00000,0x0000003432c00000]
[error occurred during error reporting (printing stack bounds), id 0xc0000005, EXCEPTION_ACCESS_VIOLATION (0xc0000005) at pc=0x00000171474b0f3d]

Native frames: (J=compiled Java code, j=interpreted, Vv=VM code, C=native code)
V  [jvm.dll+0x5ecfaa]
V  [jvm.dll+0x722bd5]
V  [jvm.dll+0x72412d]
V  [jvm.dll+0x724745]
V  [jvm.dll+0x7246fb]
V  [jvm.dll+0x5ec348]
V  [jvm.dll+0x5ecad8]
C  [ntdll.dll+0xa82ff]
C  [ntdll.dll+0x35a0a]
C  [ntdll.dll+0xa730e]
C  0x00000171474b0f3d

VM_Operation (0x0000003434efa3e0): G1CollectForAllocation, mode: safepoint, requested by thread 0x000001715fabe800


---------------  P R O C E S S  ---------------

Threads class SMR info:
_java_thread_list=0x0000017163a143a0, length=38, elements={
0x00000171439be800, 0x000001715d25a000, 0x000001715d25e000, 0x000001715daf2800,
0x000001715d276000, 0x000001715d277800, 0x000001715d27b000, 0x000001715d295000,
0x000001715d2ae800, 0x000001715dc28800, 0x000001715f144000, 0x000001716069f800,
0x000001715f8d7000, 0x000001715fab9000, 0x000001715fabe000, 0x000001715fabf800,
0x000001715faba800, 0x000001715fab9800, 0x000001715fabc000, 0x000001715fabd000,
0x000001715f9d2000, 0x000001715f9cf000, 0x000001715f9da800, 0x000001715f9ce000,
0x000001715f9cf800, 0x000001715f9d3000, 0x000001715f9d4800, 0x000001715f9d5800,
0x000001715f9d1800, 0x000001715f9d6800, 0x000001715f9d7000, 0x000001715f9d8000,
0x000001715f9d8800, 0x000001715f9d4000, 0x000001715f9d9800, 0x000001715f9dc000,
0x000001715fabe800, 0x000001715fabb800
}

Java Threads: ( => current thread )
  0x00000171439be800 JavaThread "main" [_thread_blocked, id=1064, stack(0x0000003432500000,0x0000003432600000)]
  0x000001715d25a000 JavaThread "Reference Handler" daemon [_thread_blocked, id=6516, stack(0x0000003432c00000,0x0000003432d00000)]
  0x000001715d25e000 JavaThread "Finalizer" daemon [_thread_blocked, id=13120, stack(0x0000003432d00000,0x0000003432e00000)]
  0x000001715daf2800 JavaThread "Signal Dispatcher" daemon [_thread_blocked, id=13136, stack(0x0000003432e00000,0x0000003432f00000)]
  0x000001715d276000 JavaThread "Attach Listener" daemon [_thread_blocked, id=12892, stack(0x0000003432f00000,0x0000003433000000)]
  0x000001715d277800 JavaThread "Service Thread" daemon [_thread_blocked, id=6120, stack(0x0000003433000000,0x0000003433100000)]
  0x000001715d27b000 JavaThread "C2 CompilerThread0" daemon [_thread_in_native, id=8428, stack(0x0000003433100000,0x0000003433200000)]
  0x000001715d295000 JavaThread "C1 CompilerThread0" daemon [_thread_blocked, id=124, stack(0x0000003433200000,0x0000003433300000)]
  0x000001715d2ae800 JavaThread "Sweeper thread" daemon [_thread_blocked, id=12764, stack(0x0000003433300000,0x0000003433400000)]
  0x000001715dc28800 JavaThread "Common-Cleaner" daemon [_thread_blocked, id=15096, stack(0x0000003433400000,0x0000003433500000)]
  0x000001715f144000 JavaThread "Daemon health stats" [_thread_blocked, id=1352, stack(0x0000003433700000,0x0000003433800000)]
  0x000001716069f800 JavaThread "Incoming local TCP Connector on port 64795" [_thread_in_native, id=15048, stack(0x0000003433800000,0x0000003433900000)]
  0x000001715f8d7000 JavaThread "Daemon periodic checks" [_thread_blocked, id=408, stack(0x0000003433900000,0x0000003433a00000)]
  0x000001715fab9000 JavaThread "Cache worker for file hash cache (C:\Users\Lenovo\.gradle\caches\7.0.2\fileHashes)" [_thread_blocked, id=11920, stack(0x0000003434100000,0x0000003434200000)]
  0x000001715fabe000 JavaThread "File lock request listener" [_thread_in_native, id=7968, stack(0x0000003434200000,0x0000003434300000)]
  0x000001715fabf800 JavaThread "Cache worker for journal cache (C:\Users\Lenovo\.gradle\caches\journal-1)" [_thread_blocked, id=3660, stack(0x0000003434300000,0x0000003434400000)]
  0x000001715faba800 JavaThread "File watcher server" daemon [_thread_in_native, id=9656, stack(0x0000003434500000,0x0000003434600000)]
  0x000001715fab9800 JavaThread "File watcher consumer" daemon [_thread_blocked, id=8052, stack(0x0000003434600000,0x0000003434700000)]
  0x000001715fabc000 JavaThread "jar transforms" [_thread_blocked, id=12676, stack(0x0000003434700000,0x0000003434800000)]
  0x000001715fabd000 JavaThread "jar transforms Thread 2" [_thread_blocked, id=14468, stack(0x0000003434800000,0x0000003434900000)]
  0x000001715f9d2000 JavaThread "Cache worker for execution history cache (C:\Users\Lenovo\.gradle\caches\7.0.2\executionHistory)" [_thread_blocked, id=13392, stack(0x0000003434c00000,0x0000003434d00000)]
  0x000001715f9cf000 JavaThread "Cache worker for file content cache (C:\Users\Lenovo\.gradle\caches\7.0.2\fileContent)" [_thread_blocked, id=13508, stack(0x0000003434d00000,0x0000003434e00000)]
  0x000001715f9da800 JavaThread "Memory manager" [_thread_blocked, id=12292, stack(0x0000003435400000,0x0000003435500000)]
  0x000001715f9ce000 JavaThread "Daemon Thread 4" [_thread_blocked, id=11832, stack(0x0000003432300000,0x0000003432400000)]
  0x000001715f9cf800 JavaThread "Handler for socket connection from /127.0.0.1:64795 to /127.0.0.1:64961" [_thread_in_native, id=14908, stack(0x0000003432400000,0x0000003432500000)]
  0x000001715f9d3000 JavaThread "Cancel handler" [_thread_blocked, id=13952, stack(0x0000003433a00000,0x0000003433b00000)]
  0x000001715f9d4800 JavaThread "Daemon worker Thread 4" [_thread_blocked, id=12644, stack(0x0000003433b00000,0x0000003433c00000)]
  0x000001715f9d5800 JavaThread "Asynchronous log dispatcher for DefaultDaemonConnection: socket connection from /127.0.0.1:64795 to /127.0.0.1:64961" [_thread_blocked, id=11456, stack(0x0000003433c00000,0x0000003433d00000)]
  0x000001715f9d1800 JavaThread "Stdin handler" [_thread_blocked, id=268, stack(0x0000003433d00000,0x0000003433e00000)]
  0x000001715f9d6800 JavaThread "Daemon client event forwarder" [_thread_blocked, id=2392, stack(0x0000003433e00000,0x0000003433f00000)]
  0x000001715f9d7000 JavaThread "Cache worker for file hash cache (C:\Users\Lenovo\AndroidStudioProjects\veryempty\.gradle\7.0.2\fileHashes)" [_thread_blocked, id=7756, stack(0x0000003433f00000,0x0000003434000000)]
  0x000001715f9d8000 JavaThread "Cache worker for checksums cache (C:\Users\Lenovo\AndroidStudioProjects\veryempty\.gradle\checksums)" [_thread_blocked, id=14056, stack(0x0000003434000000,0x0000003434100000)]
  0x000001715f9d8800 JavaThread "Cache worker for cache directory md-supplier (C:\Users\Lenovo\.gradle\caches\7.0.2\md-supplier)" [_thread_blocked, id=12792, stack(0x0000003434400000,0x0000003434500000)]
  0x000001715f9d4000 JavaThread "Cache worker for cache directory md-rule (C:\Users\Lenovo\.gradle\caches\7.0.2\md-rule)" [_thread_blocked, id=7044, stack(0x0000003434900000,0x0000003434a00000)]
  0x000001715f9d9800 JavaThread "Cache worker for dependencies-accessors (C:\Users\Lenovo\AndroidStudioProjects\veryempty\.gradle\7.0.2\dependencies-accessors)" [_thread_blocked, id=11624, stack(0x0000003434a00000,0x0000003434b00000)]
  0x000001715f9dc000 JavaThread "Cache worker for Build Output Cleanup Cache (C:\Users\Lenovo\AndroidStudioProjects\veryempty\.gradle\buildOutputCleanup)" [_thread_blocked, id=13172, stack(0x0000003434b00000,0x0000003434c00000)]
  0x000001715fabe800 JavaThread "Build operations" [_thread_blocked, id=404, stack(0x0000003434e00000,0x0000003434f00000)]
  0x000001715fabb800 JavaThread "Build operations Thread 2" [_thread_blocked, id=9040, stack(0x0000003434f00000,0x0000003435000000)]

Other Threads:
=>0x000001715d254800 VMThread "VM Thread" [stack: 0x0000003432b00000,0x0000003432c00000] [id=11228]
  0x000001715dc59800 WatcherThread [stack: 0x0000003433500000,0x0000003433600000] [id=15160]
  0x00000171439d8000 GCTaskThread "GC Thread#0" [stack: 0x0000003432600000,0x0000003432700000] [id=10476]
  0x000001715dd79800 GCTaskThread "GC Thread#1" [stack: 0x0000003433600000,0x0000003433700000] [id=9304]
  0x0000017143a09800 ConcurrentGCThread "G1 Main Marker" [stack: 0x0000003432700000,0x0000003432800000] [id=1152]
  0x0000017143a0b000 ConcurrentGCThread "G1 Conc#0" [stack: 0x0000003432800000,0x0000003432900000] [id=10208]
  0x0000017143a94000 ConcurrentGCThread "G1 Refine#0" [stack: 0x0000003432900000,0x0000003432a00000] [id=5668]
  0x0000017143a95000 ConcurrentGCThread "G1 Young RemSet Sampling" [stack: 0x0000003432a00000,0x0000003432b00000] [id=7488]

Threads with active compile tasks:
C2 CompilerThread03409735 16757       4       org.objectweb.asm.signature.SignatureReader::parseType (411 bytes)

VM state:at safepoint (normal execution)

VM Mutex/Monitor currently owned by a thread:  ([mutex/lock_event])
[0x00000171439bb790] Threads_lock - owner thread: 0x000001715d254800
[0x00000171439ba1a0] Heap_lock - owner thread: 0x000001715fabe800

Heap address: 0x0000000080000000, size: 2048 MB, Compressed Oops mode: 32-bit
Narrow klass base: 0x0000000000000000, Narrow klass shift: 3
Compressed class space size: 1073741824 Address: 0x0000000100000000

Heap:
 garbage-first heap   total 187392K, used 110541K [0x0000000080000000, 0x0000000100000000)
  region size 1024K, 2 young (2048K), 2 survivors (2048K)
 Metaspace       used 110061K, capacity 113204K, committed 113452K, reserved 1148928K
  class space    used 13769K, capacity 14887K, committed 14976K, reserved 1048576K
Heap Regions: E=young(eden), S=young(survivor), O=old, HS=humongous(starts), HC=humongous(continues), CS=collection set, F=free, A=archive, TAMS=top-at-mark-start (previous, next)
|   0|0x0000000080000000, 0x0000000080100000, 0x0000000080100000|100%| O|  |TAMS 0x0000000080100000, 0x0000000080100000| Untracked 
|   1|0x0000000080100000, 0x0000000080200000, 0x0000000080200000|100%| O|  |TAMS 0x0000000080200000, 0x0000000080200000| Untracked 
|   2|0x0000000080200000, 0x0000000080300000, 0x0000000080300000|100%| O|  |TAMS 0x0000000080300000, 0x0000000080300000| Untracked 
|   3|0x0000000080300000, 0x0000000080400000, 0x0000000080400000|100%| O|  |TAMS 0x0000000080400000, 0x0000000080400000| Untracked 
|   4|0x0000000080400000, 0x0000000080500000, 0x0000000080500000|100%|HS|  |TAMS 0x0000000080500000, 0x0000000080500000| Complete 
|   5|0x0000000080500000, 0x0000000080600000, 0x0000000080600000|100%|HC|  |TAMS 0x0000000080600000, 0x0000000080600000| Complete 
|   6|0x0000000080600000, 0x0000000080700000, 0x0000000080700000|100%|HC|  |TAMS 0x0000000080700000, 0x0000000080700000| Complete 
|   7|0x0000000080700000, 0x0000000080800000, 0x0000000080800000|100%| O|  |TAMS 0x0000000080800000, 0x0000000080800000| Untracked 
|   8|0x0000000080800000, 0x0000000080900000, 0x0000000080900000|100%| O|  |TAMS 0x0000000080900000, 0x0000000080900000| Untracked 
|   9|0x0000000080900000, 0x0000000080a00000, 0x0000000080a00000|100%| O|  |TAMS 0x0000000080900000, 0x0000000080a00000| Untracked 
|  10|0x0000000080a00000, 0x0000000080a00000, 0x0000000080b00000|  0%| F|  |TAMS 0x0000000080a00000, 0x0000000080a00000| Untracked 
|  11|0x0000000080b00000, 0x0000000080c00000, 0x0000000080c00000|100%| O|  |TAMS 0x0000000080c00000, 0x0000000080c00000| Untracked 
|  12|0x0000000080c00000, 0x0000000080d00000, 0x0000000080d00000|100%| O|  |TAMS 0x0000000080d00000, 0x0000000080d00000| Untracked 
|  13|0x0000000080d00000, 0x0000000080e00000, 0x0000000080e00000|100%| O|  |TAMS 0x0000000080e00000, 0x0000000080e00000| Untracked 
|  14|0x0000000080e00000, 0x0000000080f00000, 0x0000000080f00000|100%| O|  |TAMS 0x0000000080f00000, 0x0000000080f00000| Untracked 
|  15|0x0000000080f00000, 0x0000000081000000, 0x0000000081000000|100%| O|  |TAMS 0x0000000081000000, 0x0000000081000000| Untracked 
|  16|0x0000000081000000, 0x0000000081100000, 0x0000000081100000|100%|HS|  |TAMS 0x0000000081100000, 0x0000000081100000| Complete 
|  17|0x0000000081100000, 0x0000000081200000, 0x0000000081200000|100%|HC|  |TAMS 0x0000000081200000, 0x0000000081200000| Complete 
|  18|0x0000000081200000, 0x0000000081300000, 0x0000000081300000|100%|HS|  |TAMS 0x0000000081300000, 0x0000000081300000| Complete 
|  19|0x0000000081300000, 0x0000000081400000, 0x0000000081400000|100%|HC|  |TAMS 0x0000000081400000, 0x0000000081400000| Complete 
|  20|0x0000000081400000, 0x0000000081500000, 0x0000000081500000|100%|HC|  |TAMS 0x0000000081500000, 0x0000000081500000| Complete 
|  21|0x0000000081500000, 0x0000000081600000, 0x0000000081600000|100%|HS|  |TAMS 0x0000000081600000, 0x0000000081600000| Complete 
|  22|0x0000000081600000, 0x0000000081700000, 0x0000000081700000|100%|HC|  |TAMS 0x0000000081700000, 0x0000000081700000| Complete 
|  23|0x0000000081700000, 0x0000000081800000, 0x0000000081800000|100%|HC|  |TAMS 0x0000000081800000, 0x0000000081800000| Complete 
|  24|0x0000000081800000, 0x0000000081900000, 0x0000000081900000|100%|HC|  |TAMS 0x0000000081900000, 0x0000000081900000| Complete 
|  25|0x0000000081900000, 0x0000000081a00000, 0x0000000081a00000|100%|HC|  |TAMS 0x0000000081a00000, 0x0000000081a00000| Complete 
|  26|0x0000000081a00000, 0x0000000081b00000, 0x0000000081b00000|100%| O|  |TAMS 0x0000000081b00000, 0x0000000081b00000| Untracked 
|  27|0x0000000081b00000, 0x0000000081c00000, 0x0000000081c00000|100%| O|  |TAMS 0x0000000081c00000, 0x0000000081c00000| Untracked 
|  28|0x0000000081c00000, 0x0000000081d00000, 0x0000000081d00000|100%| O|  |TAMS 0x0000000081d00000, 0x0000000081d00000| Untracked 
|  29|0x0000000081d00000, 0x0000000081e00000, 0x0000000081e00000|100%| O|  |TAMS 0x0000000081e00000, 0x0000000081e00000| Untracked 
|  30|0x0000000081e00000, 0x0000000081f00000, 0x0000000081f00000|100%| O|  |TAMS 0x0000000081f00000, 0x0000000081f00000| Untracked 
|  31|0x0000000081f00000, 0x0000000082000000, 0x0000000082000000|100%| O|  |TAMS 0x0000000082000000, 0x0000000082000000| Untracked 
|  32|0x0000000082000000, 0x0000000082100000, 0x0000000082100000|100%| O|  |TAMS 0x0000000082100000, 0x0000000082100000| Untracked 
|  33|0x0000000082100000, 0x0000000082200000, 0x0000000082200000|100%|HS|  |TAMS 0x0000000082200000, 0x0000000082200000| Complete 
|  34|0x0000000082200000, 0x0000000082300000, 0x0000000082300000|100%|HC|  |TAMS 0x0000000082300000, 0x0000000082300000| Complete 
|  35|0x0000000082300000, 0x0000000082400000, 0x0000000082400000|100%|HC|  |TAMS 0x0000000082400000, 0x0000000082400000| Complete 
|  36|0x0000000082400000, 0x0000000082500000, 0x0000000082500000|100%|HC|  |TAMS 0x0000000082500000, 0x0000000082500000| Complete 
|  37|0x0000000082500000, 0x0000000082600000, 0x0000000082600000|100%|HC|  |TAMS 0x0000000082600000, 0x0000000082600000| Complete 
|  38|0x0000000082600000, 0x0000000082700000, 0x0000000082700000|100%| O|  |TAMS 0x0000000082700000, 0x0000000082700000| Untracked 
|  39|0x0000000082700000, 0x0000000082800000, 0x0000000082800000|100%| O|  |TAMS 0x0000000082800000, 0x0000000082800000| Untracked 
|  40|0x0000000082800000, 0x0000000082900000, 0x0000000082900000|100%| O|  |TAMS 0x0000000082900000, 0x0000000082900000| Untracked 
|  41|0x0000000082900000, 0x0000000082a00000, 0x0000000082a00000|100%| O|  |TAMS 0x0000000082a00000, 0x0000000082a00000| Untracked 
|  42|0x0000000082a00000, 0x0000000082b00000, 0x0000000082b00000|100%| O|  |TAMS 0x0000000082b00000, 0x0000000082b00000| Untracked 
|  43|0x0000000082b00000, 0x0000000082c00000, 0x0000000082c00000|100%| O|  |TAMS 0x0000000082c00000, 0x0000000082c00000| Untracked 
|  44|0x0000000082c00000, 0x0000000082d00000, 0x0000000082d00000|100%|HS|  |TAMS 0x0000000082d00000, 0x0000000082d00000| Complete 
|  45|0x0000000082d00000, 0x0000000082e00000, 0x0000000082e00000|100%|HC|  |TAMS 0x0000000082e00000, 0x0000000082e00000| Complete 
|  46|0x0000000082e00000, 0x0000000082f00000, 0x0000000082f00000|100%|HC|  |TAMS 0x0000000082f00000, 0x0000000082f00000| Complete 
|  47|0x0000000082f00000, 0x0000000083000000, 0x0000000083000000|100%| O|  |TAMS 0x0000000083000000, 0x0000000083000000| Untracked 
|  48|0x0000000083000000, 0x0000000083100000, 0x0000000083100000|100%| O|  |TAMS 0x0000000083100000, 0x0000000083100000| Untracked 
|  49|0x0000000083100000, 0x0000000083200000, 0x0000000083200000|100%| O|  |TAMS 0x0000000083200000, 0x0000000083200000| Untracked 
|  50|0x0000000083200000, 0x0000000083300000, 0x0000000083300000|100%| O|  |TAMS 0x0000000083300000, 0x0000000083300000| Untracked 
|  51|0x0000000083300000, 0x0000000083400000, 0x0000000083400000|100%| O|  |TAMS 0x0000000083400000, 0x0000000083400000| Untracked 
|  52|0x0000000083400000, 0x0000000083500000, 0x0000000083500000|100%| O|  |TAMS 0x0000000083500000, 0x0000000083500000| Untracked 
|  53|0x0000000083500000, 0x0000000083600000, 0x0000000083600000|100%| O|  |TAMS 0x0000000083600000, 0x0000000083600000| Untracked 
|  54|0x0000000083600000, 0x0000000083700000, 0x0000000083700000|100%| O|  |TAMS 0x0000000083700000, 0x0000000083700000| Untracked 
|  55|0x0000000083700000, 0x0000000083800000, 0x0000000083800000|100%|HS|  |TAMS 0x0000000083800000, 0x0000000083800000| Complete 
|  56|0x0000000083800000, 0x0000000083900000, 0x0000000083900000|100%|HS|  |TAMS 0x0000000083900000, 0x0000000083900000| Complete 
|  57|0x0000000083900000, 0x0000000083a00000, 0x0000000083a00000|100%|HS|  |TAMS 0x0000000083a00000, 0x0000000083a00000| Complete 
|  58|0x0000000083a00000, 0x0000000083b00000, 0x0000000083b00000|100%|HC|  |TAMS 0x0000000083b00000, 0x0000000083b00000| Complete 
|  59|0x0000000083b00000, 0x0000000083c00000, 0x0000000083c00000|100%| O|  |TAMS 0x0000000083c00000, 0x0000000083c00000| Untracked 
|  60|0x0000000083c00000, 0x0000000083d00000, 0x0000000083d00000|100%| O|  |TAMS 0x0000000083d00000, 0x0000000083d00000| Untracked 
|  61|0x0000000083d00000, 0x0000000083e00000, 0x0000000083e00000|100%| O|  |TAMS 0x0000000083e00000, 0x0000000083e00000| Untracked 
|  62|0x0000000083e00000, 0x0000000083e00000, 0x0000000083f00000|  0%| F|  |TAMS 0x0000000083e00000, 0x0000000083e00000| Untracked 
|  63|0x0000000083f00000, 0x0000000084000000, 0x0000000084000000|100%| O|  |TAMS 0x0000000084000000, 0x0000000084000000| Untracked 
|  64|0x0000000084000000, 0x0000000084100000, 0x0000000084100000|100%| O|  |TAMS 0x0000000084100000, 0x0000000084100000| Untracked 
|  65|0x0000000084100000, 0x0000000084200000, 0x0000000084200000|100%| O|  |TAMS 0x0000000084200000, 0x0000000084200000| Untracked 
|  66|0x0000000084200000, 0x0000000084300000, 0x0000000084300000|100%| O|  |TAMS 0x0000000084300000, 0x0000000084300000| Untracked 
|  67|0x0000000084300000, 0x0000000084400000, 0x0000000084400000|100%| O|  |TAMS 0x0000000084400000, 0x0000000084400000| Untracked 
|  68|0x0000000084400000, 0x0000000084500000, 0x0000000084500000|100%| O|  |TAMS 0x0000000084500000, 0x0000000084500000| Untracked 
|  69|0x0000000084500000, 0x0000000084600000, 0x0000000084600000|100%| O|  |TAMS 0x0000000084600000, 0x0000000084600000| Untracked 
|  70|0x0000000084600000, 0x0000000084700000, 0x0000000084700000|100%| O|  |TAMS 0x0000000084700000, 0x0000000084700000| Untracked 
|  71|0x0000000084700000, 0x0000000084800000, 0x0000000084800000|100%| O|  |TAMS 0x0000000084800000, 0x0000000084800000| Untracked 
|  72|0x0000000084800000, 0x0000000084900000, 0x0000000084900000|100%| O|  |TAMS 0x0000000084900000, 0x0000000084900000| Untracked 
|  73|0x0000000084900000, 0x0000000084a00000, 0x0000000084a00000|100%| O|  |TAMS 0x0000000084a00000, 0x0000000084a00000| Untracked 
|  74|0x0000000084a00000, 0x0000000084b00000, 0x0000000084b00000|100%| O|  |TAMS 0x0000000084b00000, 0x0000000084b00000| Untracked 
|  75|0x0000000084b00000, 0x0000000084c00000, 0x0000000084c00000|100%| O|  |TAMS 0x0000000084c00000, 0x0000000084c00000| Untracked 
|  76|0x0000000084c00000, 0x0000000084d00000, 0x0000000084d00000|100%| O|  |TAMS 0x0000000084d00000, 0x0000000084d00000| Untracked 
|  77|0x0000000084d00000, 0x0000000084e00000, 0x0000000084e00000|100%| O|  |TAMS 0x0000000084e00000, 0x0000000084e00000| Untracked 
|  78|0x0000000084e00000, 0x0000000084f00000, 0x0000000084f00000|100%| O|  |TAMS 0x0000000084f00000, 0x0000000084f00000| Untracked 
|  79|0x0000000084f00000, 0x0000000085000000, 0x0000000085000000|100%| O|  |TAMS 0x0000000084f00000, 0x0000000085000000| Untracked 
|  80|0x0000000085000000, 0x0000000085100000, 0x0000000085100000|100%| O|  |TAMS 0x0000000085100000, 0x0000000085100000| Untracked 
|  81|0x0000000085100000, 0x0000000085200000, 0x0000000085200000|100%| O|  |TAMS 0x0000000085200000, 0x0000000085200000| Untracked 
|  82|0x0000000085200000, 0x0000000085300000, 0x0000000085300000|100%| O|  |TAMS 0x0000000085300000, 0x0000000085300000| Untracked 
|  83|0x0000000085300000, 0x0000000085400000, 0x0000000085400000|100%| O|  |TAMS 0x0000000085400000, 0x0000000085400000| Untracked 
|  84|0x0000000085400000, 0x0000000085400000, 0x0000000085500000|  0%| F|  |TAMS 0x0000000085400000, 0x0000000085400000| Untracked 
|  85|0x0000000085500000, 0x0000000085600000, 0x0000000085600000|100%| O|  |TAMS 0x0000000085600000, 0x0000000085600000| Untracked 
|  86|0x0000000085600000, 0x0000000085700000, 0x0000000085700000|100%| O|  |TAMS 0x0000000085700000, 0x0000000085700000| Untracked 
|  87|0x0000000085700000, 0x00000000857b6200, 0x0000000085800000| 71%| O|  |TAMS 0x0000000085700000, 0x00000000857b6200| Untracked 
|  88|0x0000000085800000, 0x0000000085900000, 0x0000000085900000|100%| O|  |TAMS 0x0000000085900000, 0x0000000085900000| Untracked 
|  89|0x0000000085900000, 0x0000000085900000, 0x0000000085a00000|  0%| F|  |TAMS 0x0000000085900000, 0x0000000085900000| Untracked 
|  90|0x0000000085a00000, 0x0000000085b00000, 0x0000000085b00000|100%| O|  |TAMS 0x0000000085b00000, 0x0000000085b00000| Untracked 
|  91|0x0000000085b00000, 0x0000000085c00000, 0x0000000085c00000|100%| O|  |TAMS 0x0000000085c00000, 0x0000000085c00000| Untracked 
|  92|0x0000000085c00000, 0x0000000085d00000, 0x0000000085d00000|100%| O|  |TAMS 0x0000000085d00000, 0x0000000085d00000| Untracked 
|  93|0x0000000085d00000, 0x0000000085e00000, 0x0000000085e00000|100%| O|  |TAMS 0x0000000085e00000, 0x0000000085e00000| Untracked 
|  94|0x0000000085e00000, 0x0000000085f00000, 0x0000000085f00000|100%| O|  |TAMS 0x0000000085f00000, 0x0000000085f00000| Untracked 
|  95|0x0000000085f00000, 0x0000000086000000, 0x0000000086000000|100%| O|  |TAMS 0x0000000086000000, 0x0000000086000000| Untracked 
|  96|0x0000000086000000, 0x0000000086100000, 0x0000000086100000|100%| O|  |TAMS 0x0000000086100000, 0x0000000086100000| Untracked 
|  97|0x0000000086100000, 0x0000000086200000, 0x0000000086200000|100%| O|  |TAMS 0x0000000086161600, 0x0000000086200000| Untracked 
|  98|0x0000000086200000, 0x0000000086200000, 0x0000000086300000|  0%| F|  |TAMS 0x0000000086200000, 0x0000000086200000| Untracked 
|  99|0x0000000086300000, 0x0000000086300000, 0x0000000086400000|  0%| F|  |TAMS 0x0000000086300000, 0x0000000086300000| Untracked 
| 100|0x0000000086400000, 0x0000000086500000, 0x0000000086500000|100%| O|  |TAMS 0x0000000086500000, 0x0000000086500000| Untracked 
| 101|0x0000000086500000, 0x0000000086600000, 0x0000000086600000|100%| O|  |TAMS 0x0000000086600000, 0x0000000086600000| Untracked 
| 102|0x0000000086600000, 0x0000000086600000, 0x0000000086700000|  0%| F|  |TAMS 0x0000000086600000, 0x0000000086600000| Untracked 
| 103|0x0000000086700000, 0x0000000086800000, 0x0000000086800000|100%| O|  |TAMS 0x0000000086800000, 0x0000000086800000| Untracked 
| 104|0x0000000086800000, 0x0000000086900000, 0x0000000086900000|100%| O|  |TAMS 0x0000000086900000, 0x0000000086900000| Untracked 
| 105|0x0000000086900000, 0x0000000086a00000, 0x0000000086a00000|100%| O|  |TAMS 0x0000000086a00000, 0x0000000086a00000| Untracked 
| 106|0x0000000086a00000, 0x0000000086b00000, 0x0000000086b00000|100%| O|  |TAMS 0x0000000086b00000, 0x0000000086b00000| Untracked 
| 107|0x0000000086b00000, 0x0000000086c00000, 0x0000000086c00000|100%| O|  |TAMS 0x0000000086c00000, 0x0000000086c00000| Untracked 
| 108|0x0000000086c00000, 0x0000000086d00000, 0x0000000086d00000|100%| O|  |TAMS 0x0000000086d00000, 0x0000000086d00000| Untracked 
| 109|0x0000000086d00000, 0x0000000086d00000, 0x0000000086e00000|  0%| F|  |TAMS 0x0000000086d00000, 0x0000000086d00000| Untracked 
| 110|0x0000000086e00000, 0x0000000086e00000, 0x0000000086f00000|  0%| F|  |TAMS 0x0000000086e00000, 0x0000000086e00000| Untracked 
| 111|0x0000000086f00000, 0x0000000087000000, 0x0000000087000000|100%| O|  |TAMS 0x0000000087000000, 0x0000000087000000| Untracked 
| 112|0x0000000087000000, 0x0000000087100000, 0x0000000087100000|100%| O|  |TAMS 0x0000000087100000, 0x0000000087100000| Untracked 
| 113|0x0000000087100000, 0x0000000087200000, 0x0000000087200000|100%| O|  |TAMS 0x0000000087200000, 0x0000000087200000| Untracked 
| 114|0x0000000087200000, 0x0000000087300000, 0x0000000087300000|100%| O|  |TAMS 0x0000000087300000, 0x0000000087300000| Untracked 
| 115|0x0000000087300000, 0x0000000087300000, 0x0000000087400000|  0%| F|  |TAMS 0x0000000087300000, 0x0000000087300000| Untracked 
| 116|0x0000000087400000, 0x0000000087500000, 0x0000000087500000|100%| O|  |TAMS 0x0000000087500000, 0x0000000087500000| Untracked 
| 117|0x0000000087500000, 0x0000000087500000, 0x0000000087600000|  0%| F|  |TAMS 0x0000000087500000, 0x0000000087500000| Untracked 
| 118|0x0000000087600000, 0x0000000087600000, 0x0000000087700000|  0%| F|  |TAMS 0x0000000087600000, 0x0000000087600000| Untracked 
| 119|0x0000000087700000, 0x0000000087700000, 0x0000000087800000|  0%| F|  |TAMS 0x0000000087700000, 0x0000000087700000| Untracked 
| 120|0x0000000087800000, 0x0000000087800000, 0x0000000087900000|  0%| F|  |TAMS 0x0000000087800000, 0x0000000087800000| Untracked 
| 121|0x0000000087900000, 0x0000000087900000, 0x0000000087a00000|  0%| F|  |TAMS 0x0000000087900000, 0x0000000087900000| Untracked 
| 122|0x0000000087a00000, 0x0000000087a00000, 0x0000000087b00000|  0%| F|  |TAMS 0x0000000087a00000, 0x0000000087a00000| Untracked 
| 123|0x0000000087b00000, 0x0000000087b00000, 0x0000000087c00000|  0%| F|  |TAMS 0x0000000087b00000, 0x0000000087b00000| Untracked 
| 124|0x0000000087c00000, 0x0000000087c00000, 0x0000000087d00000|  0%| F|  |TAMS 0x0000000087c00000, 0x0000000087c00000| Untracked 
| 125|0x0000000087d00000, 0x0000000087d00000, 0x0000000087e00000|  0%| F|  |TAMS 0x0000000087d00000, 0x0000000087d00000| Untracked 
| 126|0x0000000087e00000, 0x0000000087e3d498, 0x0000000087f00000| 23%| S|CS|TAMS 0x0000000087e00000, 0x0000000087e00000| Complete 
| 127|0x0000000087f00000, 0x0000000088000000, 0x0000000088000000|100%| S|CS|TAMS 0x0000000087f00000, 0x0000000087f00000| Complete 
| 128|0x0000000088000000, 0x0000000088000000, 0x0000000088100000|  0%| F|  |TAMS 0x0000000088000000, 0x0000000088000000| Untracked 
| 129|0x0000000088100000, 0x0000000088100000, 0x0000000088200000|  0%| F|  |TAMS 0x0000000088100000, 0x0000000088100000| Untracked 
| 130|0x0000000088200000, 0x0000000088200000, 0x0000000088300000|  0%| F|  |TAMS 0x0000000088200000, 0x0000000088200000| Untracked 
| 131|0x0000000088300000, 0x0000000088300000, 0x0000000088400000|  0%| F|  |TAMS 0x0000000088300000, 0x0000000088300000| Untracked 
| 132|0x0000000088400000, 0x0000000088400000, 0x0000000088500000|  0%| F|  |TAMS 0x0000000088400000, 0x0000000088400000| Untracked 
| 133|0x0000000088500000, 0x0000000088500000, 0x0000000088600000|  0%| F|  |TAMS 0x0000000088500000, 0x0000000088500000| Untracked 
| 134|0x0000000088600000, 0x0000000088600000, 0x0000000088700000|  0%| F|  |TAMS 0x0000000088600000, 0x0000000088600000| Untracked 
| 135|0x0000000088700000, 0x0000000088700000, 0x0000000088800000|  0%| F|  |TAMS 0x0000000088700000, 0x0000000088700000| Untracked 
| 136|0x0000000088800000, 0x0000000088800000, 0x0000000088900000|  0%| F|  |TAMS 0x0000000088800000, 0x0000000088800000| Untracked 
| 137|0x0000000088900000, 0x0000000088900000, 0x0000000088a00000|  0%| F|  |TAMS 0x0000000088900000, 0x0000000088900000| Untracked 
| 138|0x0000000088a00000, 0x0000000088a00000, 0x0000000088b00000|  0%| F|  |TAMS 0x0000000088a00000, 0x0000000088a00000| Untracked 
| 139|0x0000000088b00000, 0x0000000088b00000, 0x0000000088c00000|  0%| F|  |TAMS 0x0000000088b00000, 0x0000000088b00000| Untracked 
| 140|0x0000000088c00000, 0x0000000088c00000, 0x0000000088d00000|  0%| F|  |TAMS 0x0000000088c00000, 0x0000000088c00000| Untracked 
| 141|0x0000000088d00000, 0x0000000088d00000, 0x0000000088e00000|  0%| F|  |TAMS 0x0000000088d00000, 0x0000000088d00000| Untracked 
| 142|0x0000000088e00000, 0x0000000088e00000, 0x0000000088f00000|  0%| F|  |TAMS 0x0000000088e00000, 0x0000000088e00000| Untracked 
| 143|0x0000000088f00000, 0x0000000088f00000, 0x0000000089000000|  0%| F|  |TAMS 0x0000000088f00000, 0x0000000088f00000| Untracked 
| 144|0x0000000089000000, 0x0000000089000000, 0x0000000089100000|  0%| F|  |TAMS 0x0000000089000000, 0x0000000089000000| Untracked 
| 145|0x0000000089100000, 0x0000000089100000, 0x0000000089200000|  0%| F|  |TAMS 0x0000000089100000, 0x0000000089100000| Untracked 
| 146|0x0000000089200000, 0x0000000089200000, 0x0000000089300000|  0%| F|  |TAMS 0x0000000089200000, 0x0000000089200000| Untracked 
| 147|0x0000000089300000, 0x0000000089300000, 0x0000000089400000|  0%| F|  |TAMS 0x0000000089300000, 0x0000000089300000| Untracked 
| 148|0x0000000089400000, 0x0000000089400000, 0x0000000089500000|  0%| F|  |TAMS 0x0000000089400000, 0x0000000089400000| Untracked 
| 149|0x0000000089500000, 0x0000000089500000, 0x0000000089600000|  0%| F|  |TAMS 0x0000000089500000, 0x0000000089500000| Untracked 
| 150|0x0000000089600000, 0x0000000089600000, 0x0000000089700000|  0%| F|  |TAMS 0x0000000089600000, 0x0000000089600000| Untracked 
| 151|0x0000000089700000, 0x0000000089700000, 0x0000000089800000|  0%| F|  |TAMS 0x0000000089700000, 0x0000000089700000| Untracked 

Card table byte_map: [0x00000171568b0000,0x0000017156cb0000] _byte_map_base: 0x00000171564b0000

Marking Bits (Prev, Next): (CMBitMap*) 0x0000017143a00d10, (CMBitMap*) 0x0000017143a00cd8
 Prev Bits: [0x00000171590b0000, 0x000001715b0b0000)
 Next Bits: [0x00000171570b0000, 0x00000171590b0000)

Polling page: 0x00000171431a0000

Metaspace:

Usage:
  Non-class:     96.01 MB capacity,    94.03 MB ( 98%) used,     1.67 MB (  2%) free+waste,   318.81 KB ( <1%) overhead. 
      Class:     14.54 MB capacity,    13.45 MB ( 92%) used,   973.25 KB (  7%) free+waste,   143.81 KB ( <1%) overhead. 
       Both:    110.55 MB capacity,   107.48 MB ( 97%) used,     2.62 MB (  2%) free+waste,   462.63 KB ( <1%) overhead. 

Virtual space:
  Non-class space:       98.00 MB reserved,      96.17 MB ( 98%) committed 
      Class space:        1.00 GB reserved,      14.63 MB (  1%) committed 
             Both:        1.10 GB reserved,     110.79 MB ( 10%) committed 

Chunk freelists:
   Non-Class:  31.00 KB
       Class:  39.00 KB
        Both:  70.00 KB

MaxMetaspaceSize: 17179869184.00 GB
CompressedClassSpaceSize: 1.00 GB

CodeHeap 'non-profiled nmethods': size=120064Kb used=10255Kb max_used=10998Kb free=109808Kb
 bounds [0x000001714ef70000, 0x000001714fa30000, 0x00000171564b0000]
CodeHeap 'profiled nmethods': size=120000Kb used=36120Kb max_used=38340Kb free=83879Kb
 bounds [0x0000017147a40000, 0x0000017149fc0000, 0x000001714ef70000]
CodeHeap 'non-nmethods': size=5696Kb used=2331Kb max_used=2396Kb free=3364Kb
 bounds [0x00000171474b0000, 0x0000017147720000, 0x0000017147a40000]
 total_blobs=16708 nmethods=15753 adapters=866
 compilation: enabled
              stopped_count=0, restarted_count=0
 full_count=0

Compilation events (20 events):
Event: 3409.167 Thread 0x000001715d295000 16777       3       kotlin.text.StringsKt__StringsKt::contains (70 bytes)
Event: 3409.168 Thread 0x000001715d295000 nmethod 16777 0x0000017147a50010 code [0x0000017147a50300, 0x0000017147a51228]
Event: 3409.228 Thread 0x000001715d295000 16781       2       kotlin.text.StringsKt__StringsKt::indexOf (51 bytes)
Event: 3409.230 Thread 0x000001715d295000 nmethod 16781 0x0000017147a46d10 code [0x0000017147a46f40, 0x0000017147a47408]
Event: 3409.240 Thread 0x000001715d295000 16786       2       org.objectweb.asm.commons.ClassRemapper::createFieldRemapper (17 bytes)
Event: 3409.240 Thread 0x000001715d295000 nmethod 16786 0x0000017147a44290 code [0x0000017147a44440, 0x0000017147a44628]
Event: 3409.241 Thread 0x000001715d295000 16787       2       org.objectweb.asm.commons.FieldRemapper::<init> (12 bytes)
Event: 3409.241 Thread 0x000001715d295000 nmethod 16787 0x0000017147a44a90 code [0x0000017147a44c40, 0x0000017147a44da8]
Event: 3409.241 Thread 0x000001715d295000 16788       2       org.objectweb.asm.commons.ClassRemapper::visitField (72 bytes)
Event: 3409.242 Thread 0x000001715d295000 nmethod 16788 0x0000017147a4bc90 code [0x0000017147a4bea0, 0x0000017147a4c2a8]
Event: 3409.256 Thread 0x000001715d295000 16798       2       org.objectweb.asm.commons.MethodRemapper::visitLdcInsn (13 bytes)
Event: 3409.256 Thread 0x000001715d295000 nmethod 16798 0x0000017147a45d90 code [0x0000017147a45f60, 0x0000017147a46098]
Event: 3409.257 Thread 0x000001715d295000 16799       2       org.objectweb.asm.commons.Remapper::createSignatureRemapper (10 bytes)
Event: 3409.257 Thread 0x000001715d295000 nmethod 16799 0x0000017147a4b610 code [0x0000017147a4b7e0, 0x0000017147a4bb68]
Event: 3409.280 Thread 0x000001715d295000 16801       2       org.objectweb.asm.commons.AnnotationRemapper::visitEnum (15 bytes)
Event: 3409.281 Thread 0x000001715d295000 nmethod 16801 0x0000017147a4fa10 code [0x0000017147a4fc00, 0x0000017147a4fdf8]
Event: 3409.281 Thread 0x000001715d295000 16802       2       org.objectweb.asm.AnnotationWriter::visitEnum (63 bytes)
Event: 3409.281 Thread 0x000001715d295000 nmethod 16802 0x0000017147a53d90 code [0x0000017147a53f80, 0x0000017147a541b8]
Event: 3409.428 Thread 0x000001715d295000 16806   !   2       org.gradle.internal.hash.DefaultStreamHasher::doHash (84 bytes)
Event: 3409.430 Thread 0x000001715d295000 nmethod 16806 0x0000017147a6f610 code [0x0000017147a6f900, 0x0000017147a706c8]

GC Heap History (20 events):
Event: 3405.541 GC heap after
{Heap after GC invocations=89 (full 0):
 garbage-first heap   total 155648K, used 112349K [0x0000000080000000, 0x0000000100000000)
  region size 1024K, 3 young (3072K), 3 survivors (3072K)
 Metaspace       used 109983K, capacity 113140K, committed 113452K, reserved 1148928K
  class space    used 13766K, capacity 14887K, committed 14976K, reserved 1048576K
}
Event: 3406.059 GC heap before
{Heap before GC invocations=90 (full 0):
 garbage-first heap   total 155648K, used 131805K [0x0000000080000000, 0x0000000100000000)
  region size 1024K, 22 young (22528K), 3 survivors (3072K)
 Metaspace       used 109987K, capacity 113140K, committed 113452K, reserved 1148928K
  class space    used 13766K, capacity 14887K, committed 14976K, reserved 1048576K
}
Event: 3406.063 GC heap after
{Heap after GC invocations=91 (full 0):
 garbage-first heap   total 155648K, used 112693K [0x0000000080000000, 0x0000000100000000)
  region size 1024K, 1 young (1024K), 1 survivors (1024K)
 Metaspace       used 109987K, capacity 113140K, committed 113452K, reserved 1148928K
  class space    used 13766K, capacity 14887K, committed 14976K, reserved 1048576K
}
Event: 3406.082 GC heap before
{Heap before GC invocations=91 (full 0):
 garbage-first heap   total 155648K, used 118837K [0x0000000080000000, 0x0000000100000000)
  region size 1024K, 7 young (7168K), 1 survivors (1024K)
 Metaspace       used 109987K, capacity 113140K, committed 113452K, reserved 1148928K
  class space    used 13766K, capacity 14887K, committed 14976K, reserved 1048576K
}
Event: 3406.089 GC heap after
{Heap after GC invocations=92 (full 0):
 garbage-first heap   total 155648K, used 112293K [0x0000000080000000, 0x0000000100000000)
  region size 1024K, 1 young (1024K), 1 survivors (1024K)
 Metaspace       used 109987K, capacity 113140K, committed 113452K, reserved 1148928K
  class space    used 13766K, capacity 14887K, committed 14976K, reserved 1048576K
}
Event: 3406.209 GC heap before
{Heap before GC invocations=92 (full 0):
 garbage-first heap   total 155648K, used 132773K [0x0000000080000000, 0x0000000100000000)
  region size 1024K, 21 young (21504K), 1 survivors (1024K)
 Metaspace       used 109987K, capacity 113140K, committed 113452K, reserved 1148928K
  class space    used 13766K, capacity 14887K, committed 14976K, reserved 1048576K
}
Event: 3406.213 GC heap after
{Heap after GC invocations=93 (full 0):
 garbage-first heap   total 155648K, used 112054K [0x0000000080000000, 0x0000000100000000)
  region size 1024K, 1 young (1024K), 1 survivors (1024K)
 Metaspace       used 109987K, capacity 113140K, committed 113452K, reserved 1148928K
  class space    used 13766K, capacity 14887K, committed 14976K, reserved 1048576K
}
Event: 3406.798 GC heap before
{Heap before GC invocations=94 (full 0):
 garbage-first heap   total 155648K, used 133558K [0x0000000080000000, 0x0000000100000000)
  region size 1024K, 22 young (22528K), 1 survivors (1024K)
 Metaspace       used 109987K, capacity 113140K, committed 113452K, reserved 1148928K
  class space    used 13766K, capacity 14887K, committed 14976K, reserved 1048576K
}
Event: 3406.803 GC heap after
{Heap after GC invocations=95 (full 0):
 garbage-first heap   total 155648K, used 112111K [0x0000000080000000, 0x0000000100000000)
  region size 1024K, 1 young (1024K), 1 survivors (1024K)
 Metaspace       used 109987K, capacity 113140K, committed 113452K, reserved 1148928K
  class space    used 13766K, capacity 14887K, committed 14976K, reserved 1048576K
}
Event: 3406.917 GC heap before
{Heap before GC invocations=95 (full 0):
 garbage-first heap   total 155648K, used 133615K [0x0000000080000000, 0x0000000100000000)
  region size 1024K, 22 young (22528K), 1 survivors (1024K)
 Metaspace       used 109988K, capacity 113140K, committed 113452K, reserved 1148928K
  class space    used 13766K, capacity 14887K, committed 14976K, reserved 1048576K
}
Event: 3406.920 GC heap after
{Heap after GC invocations=96 (full 0):
 garbage-first heap   total 155648K, used 112114K [0x0000000080000000, 0x0000000100000000)
  region size 1024K, 1 young (1024K), 1 survivors (1024K)
 Metaspace       used 109988K, capacity 113140K, committed 113452K, reserved 1148928K
  class space    used 13766K, capacity 14887K, committed 14976K, reserved 1048576K
}
Event: 3407.711 GC heap before
{Heap before GC invocations=97 (full 0):
 garbage-first heap   total 155648K, used 134642K [0x0000000080000000, 0x0000000100000000)
  region size 1024K, 23 young (23552K), 1 survivors (1024K)
 Metaspace       used 109989K, capacity 113140K, committed 113452K, reserved 1148928K
  class space    used 13766K, capacity 14887K, committed 14976K, reserved 1048576K
}
Event: 3407.715 GC heap after
{Heap after GC invocations=98 (full 0):
 garbage-first heap   total 155648K, used 112057K [0x0000000080000000, 0x0000000100000000)
  region size 1024K, 1 young (1024K), 1 survivors (1024K)
 Metaspace       used 109989K, capacity 113140K, committed 113452K, reserved 1148928K
  class space    used 13766K, capacity 14887K, committed 14976K, reserved 1048576K
}
Event: 3408.268 GC heap before
{Heap before GC invocations=98 (full 0):
 garbage-first heap   total 155648K, used 134585K [0x0000000080000000, 0x0000000100000000)
  region size 1024K, 23 young (23552K), 1 survivors (1024K)
 Metaspace       used 109989K, capacity 113140K, committed 113452K, reserved 1148928K
  class space    used 13766K, capacity 14887K, committed 14976K, reserved 1048576K
}
Event: 3408.271 GC heap after
{Heap after GC invocations=99 (full 0):
 garbage-first heap   total 155648K, used 112201K [0x0000000080000000, 0x0000000100000000)
  region size 1024K, 1 young (1024K), 1 survivors (1024K)
 Metaspace       used 109989K, capacity 113140K, committed 113452K, reserved 1148928K
  class space    used 13766K, capacity 14887K, committed 14976K, reserved 1048576K
}
Event: 3409.175 GC heap before
{Heap before GC invocations=100 (full 0):
 garbage-first heap   total 155648K, used 133705K [0x0000000080000000, 0x0000000100000000)
  region size 1024K, 23 young (23552K), 1 survivors (1024K)
 Metaspace       used 110057K, capacity 113204K, committed 113452K, reserved 1148928K
  class space    used 13769K, capacity 14887K, committed 14976K, reserved 1048576K
}
Event: 3409.183 GC heap after
{Heap after GC invocations=101 (full 0):
 garbage-first heap   total 155648K, used 112457K [0x0000000080000000, 0x0000000100000000)
  region size 1024K, 3 young (3072K), 3 survivors (3072K)
 Metaspace       used 110057K, capacity 113204K, committed 113452K, reserved 1148928K
  class space    used 13769K, capacity 14887K, committed 14976K, reserved 1048576K
}
Event: 3409.207 GC heap before
{Heap before GC invocations=101 (full 0):
 garbage-first heap   total 155648K, used 116553K [0x0000000080000000, 0x0000000100000000)
  region size 1024K, 7 young (7168K), 3 survivors (3072K)
 Metaspace       used 110057K, capacity 113204K, committed 113452K, reserved 1148928K
  class space    used 13769K, capacity 14887K, committed 14976K, reserved 1048576K
}
Event: 3409.216 GC heap after
{Heap after GC invocations=102 (full 0):
 garbage-first heap   total 155648K, used 110107K [0x0000000080000000, 0x0000000100000000)
  region size 1024K, 1 young (1024K), 1 survivors (1024K)
 Metaspace       used 110057K, capacity 113204K, committed 113452K, reserved 1148928K
  class space    used 13769K, capacity 14887K, committed 14976K, reserved 1048576K
}
Event: 3409.493 GC heap before
{Heap before GC invocations=102 (full 0):
 garbage-first heap   total 155648K, used 133659K [0x0000000080000000, 0x0000000100000000)
  region size 1024K, 24 young (24576K), 1 survivors (1024K)
 Metaspace       used 110061K, capacity 113204K, committed 113452K, reserved 1148928K
  class space    used 13769K, capacity 14887K, committed 14976K, reserved 1048576K
}

Deoptimization events (20 events):
Event: 3408.903 Thread 0x000001715fabb800 DEOPT PACKING pc=0x000001714f9f330c sp=0x0000003434ffb0c0
Event: 3408.903 Thread 0x000001715fabb800 DEOPT UNPACKING pc=0x00000171474d6ca9 sp=0x0000003434ffb0a8 mode 2
Event: 3408.904 Thread 0x000001715fabb800 Uncommon trap: trap_request=0xffffff4d fr.pc=0x000001714f965ea0 relative=0x00000000000012a0
Event: 3408.904 Thread 0x000001715fabb800 Uncommon trap: reason=unstable_if action=reinterpret pc=0x000001714f965ea0 method=org.objectweb.asm.commons.Remapper.mapType(Lorg/objectweb/asm/Type;)Lorg/objectweb/asm/Type; @ 4 c2
Event: 3408.904 Thread 0x000001715fabb800 DEOPT PACKING pc=0x000001714f965ea0 sp=0x0000003434ffa880
Event: 3408.908 Thread 0x000001715fabb800 DEOPT UNPACKING pc=0x00000171474d6ca9 sp=0x0000003434ffa850 mode 2
Event: 3409.162 Thread 0x000001715fabb800 Uncommon trap: trap_request=0xffffff4d fr.pc=0x000001714f95fe64 relative=0x0000000000000244
Event: 3409.162 Thread 0x000001715fabb800 Uncommon trap: reason=unstable_if action=reinterpret pc=0x000001714f95fe64 method=java.lang.String.indexOf(II)I @ 4 c2
Event: 3409.162 Thread 0x000001715fabb800 DEOPT PACKING pc=0x000001714f95fe64 sp=0x0000003434ffa8f0
Event: 3409.162 Thread 0x000001715fabb800 DEOPT UNPACKING pc=0x00000171474d6ca9 sp=0x0000003434ffa640 mode 2
Event: 3409.168 Thread 0x000001715fabb800 Uncommon trap: trap_request=0xffffff4d fr.pc=0x000001714ef8a570 relative=0x00000000000001b0
Event: 3409.168 Thread 0x000001715fabb800 Uncommon trap: reason=unstable_if action=reinterpret pc=0x000001714ef8a570 method=java.lang.String.indexOf(II)I @ 4 c2
Event: 3409.168 Thread 0x000001715fabb800 DEOPT PACKING pc=0x000001714ef8a570 sp=0x0000003434ffa6c0
Event: 3409.168 Thread 0x000001715fabb800 DEOPT UNPACKING pc=0x00000171474d6ca9 sp=0x0000003434ffa5d0 mode 2
Event: 3409.260 Thread 0x000001715fabe800 DEOPT PACKING pc=0x0000017149fb0823 sp=0x0000003434efb2b0
Event: 3409.260 Thread 0x000001715fabe800 DEOPT UNPACKING pc=0x00000171474d6abf sp=0x0000003434efa7d0 mode 0
Event: 3409.339 Thread 0x000001715fabe800 DEOPT PACKING pc=0x0000017149fb0823 sp=0x0000003434efb2b0
Event: 3409.339 Thread 0x000001715fabe800 DEOPT UNPACKING pc=0x00000171474d6abf sp=0x0000003434efa7d0 mode 0
Event: 3409.422 Thread 0x000001715fabe800 DEOPT PACKING pc=0x0000017149fb0823 sp=0x0000003434efb2b0
Event: 3409.422 Thread 0x000001715fabe800 DEOPT UNPACKING pc=0x00000171474d6abf sp=0x0000003434efa7d0 mode 0

Classes redefined (0 events):
No events

Internal exceptions (20 events):
Event: 3389.883 Thread 0x000001715f9d4800 Exception <a 'java/lang/NoClassDefFoundError'{0x0000000088dbf5c8}: org/jetbrains/kotlin/gradle/plugin/KotlinBasePluginWrapper> (0x0000000088dbf5c8) thrown at [./src/hotspot/share/oops/constantPool.cpp, line 775]
Event: 3391.173 Thread 0x000001715f9d4800 Exception <a 'sun/nio/fs/WindowsException'{0x000000008939e0c8}> (0x000000008939e0c8) thrown at [./src/hotspot/share/prims/jni.cpp, line 615]
Event: 3391.282 Thread 0x000001715f9d4800 Exception <a 'sun/nio/fs/WindowsException'{0x0000000089240b00}> (0x0000000089240b00) thrown at [./src/hotspot/share/prims/jni.cpp, line 615]
Event: 3391.282 Thread 0x000001715f9d4800 Exception <a 'sun/nio/fs/WindowsException'{0x0000000089241e88}> (0x0000000089241e88) thrown at [./src/hotspot/share/prims/jni.cpp, line 615]
Event: 3391.282 Thread 0x000001715f9d4800 Exception <a 'sun/nio/fs/WindowsException'{0x0000000089243260}> (0x0000000089243260) thrown at [./src/hotspot/share/prims/jni.cpp, line 615]
Event: 3391.282 Thread 0x000001715f9d4800 Exception <a 'sun/nio/fs/WindowsException'{0x0000000089244638}> (0x0000000089244638) thrown at [./src/hotspot/share/prims/jni.cpp, line 615]
Event: 3391.385 Thread 0x000001715f9d4800 Exception <a 'java/lang/reflect/InvocationTargetException'{0x00000000891cb260}> (0x00000000891cb260) thrown at [./src/hotspot/share/runtime/reflection.cpp, line 1247]
Event: 3392.454 Thread 0x000001715fabe800 Implicit null exception at 0x000001714f918795 to 0x000001714f919044
Event: 3396.400 Thread 0x000001715fabe800 Exception <a 'java/net/SocketTimeoutException'{0x000000008937afa0}: Read timed out> (0x000000008937afa0) thrown at [./src/hotspot/share/prims/jni.cpp, line 636]
Event: 3397.158 Thread 0x000001715fabe800 Exception <a 'sun/nio/fs/WindowsException'{0x0000000088d464a8}> (0x0000000088d464a8) thrown at [./src/hotspot/share/prims/jni.cpp, line 615]
Event: 3397.634 Thread 0x000001715fabe800 Exception <a 'sun/nio/fs/WindowsException'{0x000000008872e9d0}> (0x000000008872e9d0) thrown at [./src/hotspot/share/prims/jni.cpp, line 615]
Event: 3401.379 Thread 0x000001715fabb800 Exception <a 'sun/nio/fs/WindowsException'{0x00000000883ced40}> (0x00000000883ced40) thrown at [./src/hotspot/share/prims/jni.cpp, line 615]
Event: 3402.651 Thread 0x000001715fabe800 Exception <a 'java/net/SocketTimeoutException'{0x000000008823a658}: Read timed out> (0x000000008823a658) thrown at [./src/hotspot/share/prims/jni.cpp, line 636]
Event: 3402.651 Thread 0x000001715f9d4800 Exception <a 'java/net/SocketTimeoutException'{0x000000008827cd20}: Read timed out> (0x000000008827cd20) thrown at [./src/hotspot/share/prims/jni.cpp, line 636]
Event: 3402.788 Thread 0x000001715f9d4800 Exception <a 'sun/nio/fs/WindowsException'{0x000000008974b5c0}> (0x000000008974b5c0) thrown at [./src/hotspot/share/prims/jni.cpp, line 615]
Event: 3407.558 Thread 0x000001715fabe800 Exception <a 'sun/nio/fs/WindowsException'{0x00000000881148c0}> (0x00000000881148c0) thrown at [./src/hotspot/share/prims/jni.cpp, line 615]
Event: 3408.494 Thread 0x000001715f9d4800 Exception <a 'java/net/SocketTimeoutException'{0x00000000894fb538}: Read timed out> (0x00000000894fb538) thrown at [./src/hotspot/share/prims/jni.cpp, line 636]
Event: 3408.558 Thread 0x000001715fabb800 Exception <a 'java/net/SocketTimeoutException'{0x00000000893113a0}: Read timed out> (0x00000000893113a0) thrown at [./src/hotspot/share/prims/jni.cpp, line 636]
Event: 3408.916 Thread 0x000001715fabb800 Exception <a 'sun/nio/fs/WindowsException'{0x0000000089085a80}> (0x0000000089085a80) thrown at [./src/hotspot/share/prims/jni.cpp, line 615]
Event: 3409.169 Thread 0x000001715fabb800 Exception <a 'sun/nio/fs/WindowsException'{0x00000000882fb420}> (0x00000000882fb420) thrown at [./src/hotspot/share/prims/jni.cpp, line 615]

Events (20 events):
Event: 3409.043 Thread 0x000001715d2ae800 flushing nmethod 0x0000017148446490
Event: 3409.043 Thread 0x000001715d2ae800 flushing nmethod 0x0000017148447e90
Event: 3409.043 Thread 0x000001715d2ae800 flushing nmethod 0x000001714845c910
Event: 3409.043 Thread 0x000001715d2ae800 flushing nmethod 0x000001714846ca10
Event: 3409.043 Thread 0x000001715d2ae800 flushing nmethod 0x0000017148476b10
Event: 3409.044 Thread 0x000001715d2ae800 flushing nmethod 0x0000017148530990
Event: 3409.044 Thread 0x000001715d2ae800 flushing nmethod 0x0000017148531590
Event: 3409.044 Thread 0x000001715d2ae800 flushing nmethod 0x0000017148531b90
Event: 3409.044 Thread 0x000001715d2ae800 flushing nmethod 0x0000017148539610
Event: 3409.044 Thread 0x000001715d2ae800 flushing nmethod 0x00000171485f9510
Event: 3409.048 Thread 0x000001715d2ae800 flushing nmethod 0x0000017148961310
Event: 3409.048 Thread 0x000001715d2ae800 flushing nmethod 0x00000171489d9590
Event: 3409.051 Thread 0x000001715d2ae800 flushing nmethod 0x0000017148d26310
Event: 3409.068 loading class com/android/tools/build/jetifier/processor/transform/bytecode/asm/CustomRemapper$mapValue$1
Event: 3409.068 loading class com/android/tools/build/jetifier/processor/transform/bytecode/asm/CustomRemapper$mapValue$1 done
Event: 3409.175 Executing VM operation: G1CollectForAllocation
Event: 3409.183 Executing VM operation: G1CollectForAllocation done
Event: 3409.207 Executing VM operation: G1CollectForAllocation
Event: 3409.216 Executing VM operation: G1CollectForAllocation done
Event: 3409.492 Executing VM operation: G1CollectForAllocation


Dynamic libraries:
0x00007ff613520000 - 0x00007ff61352a000 	C:\Program Files\Android\Android Studio\jre\bin\java.exe
0x00007fff495a0000 - 0x00007fff497a7000 	C:\WINDOWS\SYSTEM32\ntdll.dll
0x00007fff484a0000 - 0x00007fff4855d000 	C:\WINDOWS\System32\KERNEL32.DLL
0x00007fff46db0000 - 0x00007fff47124000 	C:\WINDOWS\System32\KERNELBASE.dll
0x00007fff46c90000 - 0x00007fff46da1000 	C:\WINDOWS\System32\ucrtbase.dll
0x00007fff31850000 - 0x00007fff31867000 	C:\Program Files\Android\Android Studio\jre\bin\VCRUNTIME140.dll
0x00007fff31780000 - 0x00007fff31799000 	C:\Program Files\Android\Android Studio\jre\bin\jli.dll
0x00007fff475e0000 - 0x00007fff4778c000 	C:\WINDOWS\System32\USER32.dll
0x00007fff46b00000 - 0x00007fff46b26000 	C:\WINDOWS\System32\win32u.dll
0x00007fff480c0000 - 0x00007fff480e9000 	C:\WINDOWS\System32\GDI32.dll
0x00007fff47310000 - 0x00007fff47422000 	C:\WINDOWS\System32\gdi32full.dll
0x00007fff46b30000 - 0x00007fff46bcd000 	C:\WINDOWS\System32\msvcp_win.dll
0x00007fff2d040000 - 0x00007fff2d2e5000 	C:\WINDOWS\WinSxS\amd64_microsoft.windows.common-controls_6595b64144ccf1df_6.0.22000.120_none_9d947278b86cc467\COMCTL32.dll
0x00007fff48610000 - 0x00007fff486b3000 	C:\WINDOWS\System32\msvcrt.dll
0x00007fff486c0000 - 0x00007fff486f1000 	C:\WINDOWS\System32\IMM32.DLL
0x00007fff03d00000 - 0x00007fff03d9d000 	C:\Program Files\Android\Android Studio\jre\bin\msvcp140.dll
0x00007ffefd180000 - 0x00007ffefdc4f000 	C:\Program Files\Android\Android Studio\jre\bin\server\jvm.dll
0x00007fff48560000 - 0x00007fff4860c000 	C:\WINDOWS\System32\ADVAPI32.dll
0x00007fff48700000 - 0x00007fff4879d000 	C:\WINDOWS\System32\sechost.dll
0x00007fff47790000 - 0x00007fff478b1000 	C:\WINDOWS\System32\RPCRT4.dll
0x00007fff48920000 - 0x00007fff48928000 	C:\WINDOWS\System32\PSAPI.DLL
0x00007fff2d390000 - 0x00007fff2d399000 	C:\WINDOWS\SYSTEM32\WSOCK32.dll
0x00007fff487a0000 - 0x00007fff4880f000 	C:\WINDOWS\System32\WS2_32.dll
0x00007fff41340000 - 0x00007fff41373000 	C:\WINDOWS\SYSTEM32\WINMM.dll
0x00007fff40520000 - 0x00007fff4052a000 	C:\WINDOWS\SYSTEM32\VERSION.dll
0x00007fff45ba0000 - 0x00007fff45bb8000 	C:\WINDOWS\SYSTEM32\kernel.appcore.dll
0x00007fff40c30000 - 0x00007fff40c41000 	C:\Program Files\Android\Android Studio\jre\bin\verify.dll
0x00007fff44090000 - 0x00007fff442b1000 	C:\WINDOWS\SYSTEM32\DBGHELP.DLL
0x00007fff3fda0000 - 0x00007fff3fdd1000 	C:\WINDOWS\SYSTEM32\dbgcore.DLL
0x00007fff46a80000 - 0x00007fff46b00000 	C:\WINDOWS\System32\bcryptPrimitives.dll
0x00007fff1b1e0000 - 0x00007fff1b209000 	C:\Program Files\Android\Android Studio\jre\bin\java.dll
0x00007fff40c20000 - 0x00007fff40c2b000 	C:\Program Files\Android\Android Studio\jre\bin\jimage.dll
0x00007fff317d0000 - 0x00007fff317e8000 	C:\Program Files\Android\Android Studio\jre\bin\zip.dll
0x00007fff489e0000 - 0x00007fff4918a000 	C:\WINDOWS\System32\SHELL32.dll
0x00007fff44c20000 - 0x00007fff45482000 	C:\WINDOWS\SYSTEM32\windows.storage.dll
0x00007fff47d30000 - 0x00007fff480a8000 	C:\WINDOWS\System32\combase.dll
0x00007fff44ab0000 - 0x00007fff44c16000 	C:\WINDOWS\SYSTEM32\wintypes.dll
0x00007fff492f0000 - 0x00007fff493da000 	C:\WINDOWS\System32\SHCORE.dll
0x00007fff493e0000 - 0x00007fff4943d000 	C:\WINDOWS\System32\shlwapi.dll
0x00007fff469b0000 - 0x00007fff469d1000 	C:\WINDOWS\SYSTEM32\profapi.dll
0x00007fff31740000 - 0x00007fff3175a000 	C:\Program Files\Android\Android Studio\jre\bin\net.dll
0x00007fff3d420000 - 0x00007fff3d52c000 	C:\WINDOWS\SYSTEM32\WINHTTP.dll
0x00007fff45fb0000 - 0x00007fff46017000 	C:\WINDOWS\system32\mswsock.dll
0x00007fff1bae0000 - 0x00007fff1baf4000 	C:\Program Files\Android\Android Studio\jre\bin\nio.dll
0x00007fff1b090000 - 0x00007fff1b0b7000 	C:\Users\Lenovo\.gradle\native\8bec1ad78214c89d9ad589b4d07fe93259594b29d510b10fafb7a158f7737e5d\windows-amd64\native-platform.dll
0x00007fff03610000 - 0x00007fff0374d000 	C:\Users\Lenovo\.gradle\native\53dbd7edfb1c66fb8903c78663c9afc45aea4f116125fa6feffd364cf09443e8\windows-amd64\native-platform-file-events.dll
0x00007fff39df0000 - 0x00007fff39dfa000 	C:\Program Files\Android\Android Studio\jre\bin\management.dll
0x00007fff39dc0000 - 0x00007fff39dcc000 	C:\Program Files\Android\Android Studio\jre\bin\management_ext.dll
0x00007fff461f0000 - 0x00007fff46208000 	C:\WINDOWS\SYSTEM32\CRYPTSP.dll
0x00007fff45b00000 - 0x00007fff45b35000 	C:\WINDOWS\system32\rsaenh.dll
0x00007fff460a0000 - 0x00007fff460c9000 	C:\WINDOWS\SYSTEM32\USERENV.dll
0x00007fff463d0000 - 0x00007fff463f7000 	C:\WINDOWS\SYSTEM32\bcrypt.dll
0x00007fff46400000 - 0x00007fff4640c000 	C:\WINDOWS\SYSTEM32\CRYPTBASE.dll
0x00007fff456d0000 - 0x00007fff456fd000 	C:\WINDOWS\SYSTEM32\IPHLPAPI.DLL
0x00007fff47430000 - 0x00007fff47439000 	C:\WINDOWS\System32\NSI.dll
0x00007fff3d400000 - 0x00007fff3d419000 	C:\WINDOWS\SYSTEM32\dhcpcsvc6.DLL
0x00007fff3fd80000 - 0x00007fff3fd9e000 	C:\WINDOWS\SYSTEM32\dhcpcsvc.DLL
0x00007fff45700000 - 0x00007fff457e7000 	C:\WINDOWS\SYSTEM32\DNSAPI.dll
0x00007fff1b0c0000 - 0x00007fff1b0e7000 	C:\Program Files\Android\Android Studio\jre\bin\sunec.dll
0x00007fff3c590000 - 0x00007fff3c59a000 	C:\Windows\System32\rasadhlp.dll
0x00007fff3b390000 - 0x00007fff3b411000 	C:\WINDOWS\System32\fwpuclnt.dll
0x00007fff44480000 - 0x00007fff444b4000 	C:\WINDOWS\SYSTEM32\ntmarta.dll

dbghelp: loaded successfully - version: 4.0.5 - missing functions: none
symbol engine: initialized successfully - sym options: 0x614 - pdb path: .;C:\Program Files\Android\Android Studio\jre\bin;C:\WINDOWS\SYSTEM32;C:\WINDOWS\WinSxS\amd64_microsoft.windows.common-controls_6595b64144ccf1df_6.0.22000.120_none_9d947278b86cc467;C:\Program Files\Android\Android Studio\jre\bin\server;C:\Users\Lenovo\.gradle\native\8bec1ad78214c89d9ad589b4d07fe93259594b29d510b10fafb7a158f7737e5d\windows-amd64;C:\Users\Lenovo\.gradle\native\53dbd7edfb1c66fb8903c78663c9afc45aea4f116125fa6feffd364cf09443e8\windows-amd64

VM Arguments:
jvm_args: --add-opens=java.base/java.util=ALL-UNNAMED --add-opens=java.base/java.lang=ALL-UNNAMED --add-opens=java.base/java.lang.invoke=ALL-UNNAMED --add-opens=java.base/java.util=ALL-UNNAMED --add-opens=java.prefs/java.util.prefs=ALL-UNNAMED --add-opens=java.prefs/java.util.prefs=ALL-UNNAMED --add-opens=java.base/java.nio.charset=ALL-UNNAMED --add-opens=java.base/java.net=ALL-UNNAMED --add-opens=java.base/java.util.concurrent.atomic=ALL-UNNAMED -Xmx2048m -Dfile.encoding=UTF-8 -Duser.country=US -Duser.language=en -Duser.variant 
java_command: org.gradle.launcher.daemon.bootstrap.GradleDaemon 7.0.2
java_class_path (initial): C:\Users\Lenovo\.gradle\wrapper\dists\gradle-7.0.2-bin\857tjihv64xamwrf0h14cai3r\gradle-7.0.2\lib\gradle-launcher-7.0.2.jar
Launcher Type: SUN_STANDARD

[Global flags]
     intx CICompilerCount                          = 2                                         {product} {ergonomic}
     uint ConcGCThreads                            = 1                                         {product} {ergonomic}
     uint G1ConcRefinementThreads                  = 2                                         {product} {ergonomic}
   size_t G1HeapRegionSize                         = 1048576                                   {product} {ergonomic}
    uintx GCDrainStackTargetSize                   = 64                                        {product} {ergonomic}
   size_t InitialHeapSize                          = 132120576                                 {product} {ergonomic}
   size_t MarkStackSize                            = 4194304                                   {product} {ergonomic}
   size_t MaxHeapSize                              = 2147483648                                {product} {command line}
   size_t MaxNewSize                               = 1287651328                                {product} {ergonomic}
   size_t MinHeapDeltaBytes                        = 1048576                                   {product} {ergonomic}
    uintx NonNMethodCodeHeapSize                   = 5825164                                {pd product} {ergonomic}
    uintx NonProfiledCodeHeapSize                  = 122916538                              {pd product} {ergonomic}
    uintx ProfiledCodeHeapSize                     = 122916538                              {pd product} {ergonomic}
    uintx ReservedCodeCacheSize                    = 251658240                              {pd product} {ergonomic}
     bool SegmentedCodeCache                       = true                                      {product} {ergonomic}
     bool UseCompressedClassPointers               = true                                 {lp64_product} {ergonomic}
     bool UseCompressedOops                        = true                                 {lp64_product} {ergonomic}
     bool UseG1GC                                  = true                                      {product} {ergonomic}
     bool UseLargePagesIndividualAllocation        = false                                  {pd product} {ergonomic}

Logging:
Log output configuration:
 #0: stdout all=warning uptime,level,tags
 #1: stderr all=off uptime,level,tags

Environment Variables:
PATH=C:\Program Files\Common Files\Oracle\Java\javapath;C:\Program Files (x86)\Common Files\Oracle\Java\javapath;C:\Program Files\AdoptOpenJDK\jdk-15.0.2.7-hotspot\bin;C:\Program Files (x86)\Python38-32\Scripts\;C:\Program Files (x86)\Python38-32\;C:\WINDOWS\system32;C:\WINDOWS;C:\WINDOWS\System32\Wbem;C:\WINDOWS\System32\WindowsPowerShell\v1.0\;C:\WINDOWS\System32\OpenSSH\;C:\Program Files (x86)\Brackets\command;C:\MinGW\bin;C:\Program Files\Git\cmd;C:\Program Files (x86)\Microchip\MPLAB C32 Suite\bin;C:\Program Files\Java\jdk-16\bin;C:\Program Files (x86)\nodejs\;C:\Program Files\MATLAB\R2018a\runtime\win64;C:\Program Files\MATLAB\R2018a\bin;C:\Program Files\dotnet\;C:\ProgramData\chocolatey\bin;C:\Program Files\Microsoft SQL Server\130\Tools\Binn\;C:\Program Files\Microsoft SQL Server\Client SDK\ODBC\170\Tools\Binn\;C:\Program Files (x86)\Microsoft SQL Server\150\Tools\Binn\;C:\Program Files\Microsoft SQL Server\150\Tools\Binn\;C:\Program Files\Microsoft SQL Server\150\DTS\Binn\;C:\Users\Lenovo\AppData\Local\Programs\Python\Python310\Scripts\;C:\Users\Lenovo\AppData\Local\Programs\Python\Python310\;C:\Users\Lenovo\.cargo\bin;C:\Program Files(x86)/nodejs;C:\Program Files (x86)/nodejs;C:\Program Files\Common Files\Oracle\Java\javapath;C:\Program Files (x86)\Common Files\Oracle\Java\javapath;C:\Program Files\AdoptOpenJDK\jdk-15.0.2.7-hotspot\bin;C:\Program Files (x86)\Python38-32\Scripts\;C:\Program Files (x86)\Python38-32\;C:\WINDOWS\system32;C:\WINDOWS;C:\WINDOWS\System32\Wbem;C:\WINDOWS\System32\WindowsPowerShell\v1.0\;C:\WINDOWS\System32\OpenSSH\;C:\Program Files (x86)\Brackets\command;C:\MinGW\bin;C:\Program Files\Git\cmd;C:\Program Files (x86)\Microchip\MPLAB C32 Suite\bin;C:\Program Files\Java\jdk-16\bin;C:\Program Files (x86)\nodejs\;C:\Users\Lenovo\AppData\Local\Microsoft\WindowsApps;C:\Users\Lenovo\AppData\Local\Programs\Microsoft VS Code\bin;C:\Users\Lenovo\AppData\Roaming\npm;C:\Program Files(x86)\nodejs;C:\Users\Lenovo\AppData\Local\Microsoft\WindowsApps;C
USERNAME=Haron
OS=Windows_NT
PROCESSOR_IDENTIFIER=Intel64 Family 6 Model 122 Stepping 1, GenuineIntel



---------------  S Y S T E M  ---------------

OS: Windows 10 , 64 bit Build 22000 (10.0.22000.318)
OS uptime: 3 days 4:06 hours

CPU:total 2 (initial active 2) (2 cores per cpu, 1 threads per core) family 6 model 122 stepping 1 microcode 0x36, cmov, cx8, fxsr, mmx, sse, sse2, sse3, ssse3, sse4.1, sse4.2, popcnt, aes, clmul, erms, 3dnowpref, tsc, tscinvbit, sha

Memory: 4k page, system-wide physical 8014M (1042M free)
TotalPageFile size 11378M (AvailPageFile size 21M)
current process WorkingSet (physical memory assigned to process): 393M, peak: 429M
current process commit charge ("private bytes"): 471M, peak: 499M

vm_info: OpenJDK 64-Bit Server VM (11.0.10+0-b96-7249189) for windows-amd64 JRE (11.0.10+0-b96-7249189), built on Mar 31 2021 21:44:00 by "builder" with MS VC++ 14.0 (VS2015)

END.
